<?xml version="1.0" encoding="UTF-8"?>
<!-- Generated by org.testng.reporters.JUnitReportReporter -->
<testsuite skipped="0" hostname="ram" name="org.testing.Forgot" tests="2" failures="0" timestamp="03 Feb 2023 18:38:54 GMT" time="16.401" errors="0">
  <testcase name="user_enters__forgotpassword_empty_email" time="9.195" classname="org.testing.Forgot"/>
  <testcase name="user_enters__forgotpassword_valid_email" time="7.206" classname="org.testing.Forgot"/>
</testsuite> <!-- org.testing.Forgot -->
